2018-12-20 10:37:56.959 [main] INFO  c.p.content.services.ContentServicesApplication.logStarting - Starting ContentServicesApplication on PC-20171031XY03 with PID 6560 (D:\work\self\practice\practice-content\practice-content-services\target\classes started by Administrator in D:\work\self\practice\practice-content\practice-content-services)
2018-12-20 10:37:56.961 [main] INFO  c.p.content.services.ContentServicesApplication.logStartupProfileInfo - No active profile set, falling back to default profiles: default
2018-12-20 10:37:56.996 [main] INFO  o.s.b.w.s.c.AnnotationConfigServletWebServerApplicationContext.prepareRefresh - Refreshing org.springframework.boot.web.servlet.context.AnnotationConfigServletWebServerApplicationContext@2e4b8173: startup date [Thu Dec 20 10:37:56 CST 2018]; root of context hierarchy
2018-12-20 10:37:58.009 [main] INFO  o.s.c.s.PostProcessorRegistrationDelegate$BeanPostProcessorChecker.postProcessAfterInitialization - Bean 'org.springframework.transaction.annotation.ProxyTransactionManagementConfiguration' of type [org.springframework.transaction.annotation.ProxyTransactionManagementConfiguration$$EnhancerBySpringCGLIB$$1fce63bf] is not eligible for getting processed by all BeanPostProcessors (for example: not eligible for auto-proxying)
2018-12-20 10:37:58.430 [main] INFO  o.s.b.a.l.ConditionEvaluationReportLoggingListener.logAutoConfigurationReport - 

Error starting ApplicationContext. To display the conditions report re-run your application with 'debug' enabled.
2018-12-20 10:38:34.469 [main] INFO  c.p.content.services.ContentServicesApplication.logStarting - Starting ContentServicesApplication on PC-20171031XY03 with PID 8136 (D:\work\self\practice\practice-content\practice-content-services\target\classes started by Administrator in D:\work\self\practice\practice-content\practice-content-services)
2018-12-20 10:38:34.471 [main] INFO  c.p.content.services.ContentServicesApplication.logStartupProfileInfo - No active profile set, falling back to default profiles: default
2018-12-20 10:38:34.501 [main] INFO  o.s.b.w.s.c.AnnotationConfigServletWebServerApplicationContext.prepareRefresh - Refreshing org.springframework.boot.web.servlet.context.AnnotationConfigServletWebServerApplicationContext@49d904ec: startup date [Thu Dec 20 10:38:34 CST 2018]; root of context hierarchy
2018-12-20 10:38:35.277 [main] INFO  o.s.c.s.PostProcessorRegistrationDelegate$BeanPostProcessorChecker.postProcessAfterInitialization - Bean 'org.springframework.transaction.annotation.ProxyTransactionManagementConfiguration' of type [org.springframework.transaction.annotation.ProxyTransactionManagementConfiguration$$EnhancerBySpringCGLIB$$6b2bd3fe] is not eligible for getting processed by all BeanPostProcessors (for example: not eligible for auto-proxying)
2018-12-20 10:38:35.664 [main] INFO  o.s.boot.web.embedded.tomcat.TomcatWebServer.initialize - Tomcat initialized with port(s): 8000 (http)
2018-12-20 10:38:35.678 [main] INFO  org.apache.coyote.http11.Http11NioProtocol.log - Initializing ProtocolHandler ["http-nio-8000"]
2018-12-20 10:38:35.688 [main] INFO  org.apache.catalina.core.StandardService.log - Starting service [Tomcat]
2018-12-20 10:38:35.688 [main] INFO  org.apache.catalina.core.StandardEngine.log - Starting Servlet Engine: Apache Tomcat/8.5.34
2018-12-20 10:38:35.696 [localhost-startStop-1] INFO  org.apache.catalina.core.AprLifecycleListener.log - The APR based Apache Tomcat Native library which allows optimal performance in production environments was not found on the java.library.path: [C:\Program Files\Java\jre1.8.0_152\bin;C:\Windows\Sun\Java\bin;C:\Windows\system32;C:\Windows;C:/Program Files/Java/jre1.8.0_152/bin/server;C:/Program Files/Java/jre1.8.0_152/bin;C:/Program Files/Java/jre1.8.0_152/lib/amd64;C:\Python27\;C:\Python27\Scripts;C:\ProgramData\Boxstarter;C:\ProgramData\Oracle\Java\javapath;C:\Windows\system32;C:\Windows;C:\Windows\System32\Wbem;C:\Windows\System32\WindowsPowerShell\v1.0\;C:\Program Files\TortoiseSVN\bin;C:\Program Files (x86)\GtkSharp\2.12\bin;C:\Program Files\Git\cmd;C:\Go\bin;C:\Program Files\nodejs\;C:\ProgramData\chocolatey\bin;C:\Users\Administrator\AppData\Roaming\Python\Scripts;C:\Program Files\Java\jdk1.8.0_152\bin;D:\protoc-2.5.0-win32;D:\apache-ant-1.9.6\bin;D:\apache-maven-3.5.4/bin;D:\gradle-2.14/bin;D:\scala-2.12.6/bin;D:\curl-7.61.0-win64-mingw/bin;C:\Users\Administrator\AppData\Roaming\npm;C:\Program Files\JetBrains\IntelliJ IDEA 2018.3\bin;;D:\work\eclipse2;;.]
2018-12-20 10:38:35.765 [localhost-startStop-1] INFO  o.a.c.core.ContainerBase.[Tomcat].[localhost].[/].log - Initializing Spring embedded WebApplicationContext
2018-12-20 10:38:35.765 [localhost-startStop-1] INFO  org.springframework.web.context.ContextLoader.prepareWebApplicationContext - Root WebApplicationContext: initialization completed in 1264 ms
2018-12-20 10:38:35.947 [localhost-startStop-1] INFO  o.s.boot.web.servlet.FilterRegistrationBean.configure - Mapping filter: 'characterEncodingFilter' to: [/*]
2018-12-20 10:38:35.947 [localhost-startStop-1] INFO  o.s.boot.web.servlet.FilterRegistrationBean.configure - Mapping filter: 'webMvcMetricsFilter' to: [/*]
2018-12-20 10:38:35.947 [localhost-startStop-1] INFO  o.s.boot.web.servlet.FilterRegistrationBean.configure - Mapping filter: 'hiddenHttpMethodFilter' to: [/*]
2018-12-20 10:38:35.947 [localhost-startStop-1] INFO  o.s.boot.web.servlet.FilterRegistrationBean.configure - Mapping filter: 'httpPutFormContentFilter' to: [/*]
2018-12-20 10:38:35.948 [localhost-startStop-1] INFO  o.s.boot.web.servlet.FilterRegistrationBean.configure - Mapping filter: 'requestContextFilter' to: [/*]
2018-12-20 10:38:35.948 [localhost-startStop-1] INFO  o.s.boot.web.servlet.FilterRegistrationBean.configure - Mapping filter: 'httpTraceFilter' to: [/*]
2018-12-20 10:38:35.948 [localhost-startStop-1] INFO  o.s.boot.web.servlet.ServletRegistrationBean.addRegistration - Servlet dispatcherServlet mapped to [/practice-content-service/*]
2018-12-20 10:38:36.106 [main] INFO  o.s.web.servlet.handler.SimpleUrlHandlerMapping.registerHandler - Mapped URL path [/**/favicon.ico] onto handler of type [class org.springframework.web.servlet.resource.ResourceHttpRequestHandler]
2018-12-20 10:38:36.243 [main] INFO  o.s.w.s.m.m.a.RequestMappingHandlerAdapter.initControllerAdviceCache - Looking for @ControllerAdvice: org.springframework.boot.web.servlet.context.AnnotationConfigServletWebServerApplicationContext@49d904ec: startup date [Thu Dec 20 10:38:34 CST 2018]; root of context hierarchy
2018-12-20 10:38:36.291 [main] INFO  o.s.w.s.m.m.a.RequestMappingHandlerMapping.register - Mapped "{[/error]}" onto public org.springframework.http.ResponseEntity<java.util.Map<java.lang.String, java.lang.Object>> org.springframework.boot.autoconfigure.web.servlet.error.BasicErrorController.error(javax.servlet.http.HttpServletRequest)
2018-12-20 10:38:36.292 [main] INFO  o.s.w.s.m.m.a.RequestMappingHandlerMapping.register - Mapped "{[/error],produces=[text/html]}" onto public org.springframework.web.servlet.ModelAndView org.springframework.boot.autoconfigure.web.servlet.error.BasicErrorController.errorHtml(javax.servlet.http.HttpServletRequest,javax.servlet.http.HttpServletResponse)
2018-12-20 10:38:36.314 [main] INFO  o.s.web.servlet.handler.SimpleUrlHandlerMapping.registerHandler - Mapped URL path [/webjars/**] onto handler of type [class org.springframework.web.servlet.resource.ResourceHttpRequestHandler]
2018-12-20 10:38:36.314 [main] INFO  o.s.web.servlet.handler.SimpleUrlHandlerMapping.registerHandler - Mapped URL path [/**] onto handler of type [class org.springframework.web.servlet.resource.ResourceHttpRequestHandler]
2018-12-20 10:38:36.879 [main] INFO  o.s.jmx.export.annotation.AnnotationMBeanExporter.afterSingletonsInstantiated - Registering beans for JMX exposure on startup
2018-12-20 10:38:36.880 [main] INFO  o.s.jmx.export.annotation.AnnotationMBeanExporter.autodetect - Bean with name 'dataSource' has been autodetected for JMX exposure
2018-12-20 10:38:36.886 [main] INFO  o.s.jmx.export.annotation.AnnotationMBeanExporter.registerBeanInstance - Located MBean 'dataSource': registering with JMX server as MBean [com.zaxxer.hikari:name=dataSource,type=HikariDataSource]
2018-12-20 10:38:36.889 [main] INFO  o.s.b.w.s.c.AnnotationConfigServletWebServerApplicationContext.prepareRefresh - Refreshing org.springframework.boot.web.servlet.context.AnnotationConfigServletWebServerApplicationContext@fabb651: startup date [Thu Dec 20 10:38:36 CST 2018]; parent: org.springframework.boot.web.servlet.context.AnnotationConfigServletWebServerApplicationContext@49d904ec
2018-12-20 10:38:36.924 [main] INFO  o.s.b.factory.support.DefaultListableBeanFactory.registerBeanDefinition - Overriding bean definition for bean 'handlerExceptionResolver' with a different definition: replacing [Root bean: class [null]; scope=; abstract=false; lazyInit=false; autowireMode=3; dependencyCheck=0; autowireCandidate=true; primary=false; factoryBeanName=org.springframework.web.servlet.config.annotation.DelegatingWebMvcConfiguration; factoryMethodName=handlerExceptionResolver; initMethodName=null; destroyMethodName=(inferred); defined in class path resource [org/springframework/web/servlet/config/annotation/DelegatingWebMvcConfiguration.class]] with [Root bean: class [null]; scope=; abstract=false; lazyInit=false; autowireMode=3; dependencyCheck=0; autowireCandidate=true; primary=false; factoryBeanName=org.springframework.boot.actuate.autoconfigure.web.servlet.WebMvcEndpointChildContextConfiguration; factoryMethodName=compositeHandlerExceptionResolver; initMethodName=null; destroyMethodName=(inferred); defined in class path resource [org/springframework/boot/actuate/autoconfigure/web/servlet/WebMvcEndpointChildContextConfiguration.class]]
2018-12-20 10:38:36.968 [main] INFO  o.s.boot.web.embedded.tomcat.TomcatWebServer.initialize - Tomcat initialized with port(s): 18000 (http)
2018-12-20 10:38:36.969 [main] INFO  org.apache.coyote.http11.Http11NioProtocol.log - Initializing ProtocolHandler ["http-nio-18000"]
2018-12-20 10:38:36.969 [main] INFO  org.apache.catalina.core.StandardService.log - Starting service [Tomcat]
2018-12-20 10:38:36.969 [main] INFO  org.apache.catalina.core.StandardEngine.log - Starting Servlet Engine: Apache Tomcat/8.5.34
2018-12-20 10:38:36.979 [localhost-startStop-1] INFO  o.a.c.c.ContainerBase.[Tomcat-1].[localhost].[/].log - Initializing Spring embedded WebApplicationContext
2018-12-20 10:38:36.979 [localhost-startStop-1] INFO  org.springframework.web.context.ContextLoader.prepareWebApplicationContext - Root WebApplicationContext: initialization completed in 90 ms
2018-12-20 10:38:36.998 [localhost-startStop-1] INFO  o.s.boot.web.servlet.ServletRegistrationBean.addRegistration - Servlet dispatcherServlet mapped to [/]
2018-12-20 10:38:37.016 [main] INFO  o.s.b.actuate.endpoint.web.EndpointLinksResolver.<init> - Exposing 15 endpoint(s) beneath base path '/monitor'
2018-12-20 10:38:37.025 [main] INFO  o.s.b.a.e.web.servlet.WebMvcEndpointHandlerMapping.register - Mapped "{[/monitor/auditevents],methods=[GET],produces=[application/vnd.spring-boot.actuator.v2+json || application/json]}" onto public java.lang.Object org.springframework.boot.actuate.endpoint.web.servlet.AbstractWebMvcEndpointHandlerMapping$OperationHandler.handle(javax.servlet.http.HttpServletRequest,java.util.Map<java.lang.String, java.lang.String>)
2018-12-20 10:38:37.025 [main] INFO  o.s.b.a.e.web.servlet.WebMvcEndpointHandlerMapping.register - Mapped "{[/monitor/beans],methods=[GET],produces=[application/vnd.spring-boot.actuator.v2+json || application/json]}" onto public java.lang.Object org.springframework.boot.actuate.endpoint.web.servlet.AbstractWebMvcEndpointHandlerMapping$OperationHandler.handle(javax.servlet.http.HttpServletRequest,java.util.Map<java.lang.String, java.lang.String>)
2018-12-20 10:38:37.025 [main] INFO  o.s.b.a.e.web.servlet.WebMvcEndpointHandlerMapping.register - Mapped "{[/monitor/health],methods=[GET],produces=[application/vnd.spring-boot.actuator.v2+json || application/json]}" onto public java.lang.Object org.springframework.boot.actuate.endpoint.web.servlet.AbstractWebMvcEndpointHandlerMapping$OperationHandler.handle(javax.servlet.http.HttpServletRequest,java.util.Map<java.lang.String, java.lang.String>)
2018-12-20 10:38:37.026 [main] INFO  o.s.b.a.e.web.servlet.WebMvcEndpointHandlerMapping.register - Mapped "{[/monitor/conditions],methods=[GET],produces=[application/vnd.spring-boot.actuator.v2+json || application/json]}" onto public java.lang.Object org.springframework.boot.actuate.endpoint.web.servlet.AbstractWebMvcEndpointHandlerMapping$OperationHandler.handle(javax.servlet.http.HttpServletRequest,java.util.Map<java.lang.String, java.lang.String>)
2018-12-20 10:38:37.026 [main] INFO  o.s.b.a.e.web.servlet.WebMvcEndpointHandlerMapping.register - Mapped "{[/monitor/shutdown],methods=[POST],produces=[application/vnd.spring-boot.actuator.v2+json || application/json]}" onto public java.lang.Object org.springframework.boot.actuate.endpoint.web.servlet.AbstractWebMvcEndpointHandlerMapping$OperationHandler.handle(javax.servlet.http.HttpServletRequest,java.util.Map<java.lang.String, java.lang.String>)
2018-12-20 10:38:37.026 [main] INFO  o.s.b.a.e.web.servlet.WebMvcEndpointHandlerMapping.register - Mapped "{[/monitor/configprops],methods=[GET],produces=[application/vnd.spring-boot.actuator.v2+json || application/json]}" onto public java.lang.Object org.springframework.boot.actuate.endpoint.web.servlet.AbstractWebMvcEndpointHandlerMapping$OperationHandler.handle(javax.servlet.http.HttpServletRequest,java.util.Map<java.lang.String, java.lang.String>)
2018-12-20 10:38:37.026 [main] INFO  o.s.b.a.e.web.servlet.WebMvcEndpointHandlerMapping.register - Mapped "{[/monitor/env],methods=[GET],produces=[application/vnd.spring-boot.actuator.v2+json || application/json]}" onto public java.lang.Object org.springframework.boot.actuate.endpoint.web.servlet.AbstractWebMvcEndpointHandlerMapping$OperationHandler.handle(javax.servlet.http.HttpServletRequest,java.util.Map<java.lang.String, java.lang.String>)
2018-12-20 10:38:37.027 [main] INFO  o.s.b.a.e.web.servlet.WebMvcEndpointHandlerMapping.register - Mapped "{[/monitor/env/{toMatch}],methods=[GET],produces=[application/vnd.spring-boot.actuator.v2+json || application/json]}" onto public java.lang.Object org.springframework.boot.actuate.endpoint.web.servlet.AbstractWebMvcEndpointHandlerMapping$OperationHandler.handle(javax.servlet.http.HttpServletRequest,java.util.Map<java.lang.String, java.lang.String>)
2018-12-20 10:38:37.027 [main] INFO  o.s.b.a.e.web.servlet.WebMvcEndpointHandlerMapping.register - Mapped "{[/monitor/info],methods=[GET],produces=[application/vnd.spring-boot.actuator.v2+json || application/json]}" onto public java.lang.Object org.springframework.boot.actuate.endpoint.web.servlet.AbstractWebMvcEndpointHandlerMapping$OperationHandler.handle(javax.servlet.http.HttpServletRequest,java.util.Map<java.lang.String, java.lang.String>)
2018-12-20 10:38:37.027 [main] INFO  o.s.b.a.e.web.servlet.WebMvcEndpointHandlerMapping.register - Mapped "{[/monitor/loggers],methods=[GET],produces=[application/vnd.spring-boot.actuator.v2+json || application/json]}" onto public java.lang.Object org.springframework.boot.actuate.endpoint.web.servlet.AbstractWebMvcEndpointHandlerMapping$OperationHandler.handle(javax.servlet.http.HttpServletRequest,java.util.Map<java.lang.String, java.lang.String>)
2018-12-20 10:38:37.028 [main] INFO  o.s.b.a.e.web.servlet.WebMvcEndpointHandlerMapping.register - Mapped "{[/monitor/loggers/{name}],methods=[POST],consumes=[application/vnd.spring-boot.actuator.v2+json || application/json]}" onto public java.lang.Object org.springframework.boot.actuate.endpoint.web.servlet.AbstractWebMvcEndpointHandlerMapping$OperationHandler.handle(javax.servlet.http.HttpServletRequest,java.util.Map<java.lang.String, java.lang.String>)
2018-12-20 10:38:37.028 [main] INFO  o.s.b.a.e.web.servlet.WebMvcEndpointHandlerMapping.register - Mapped "{[/monitor/loggers/{name}],methods=[GET],produces=[application/vnd.spring-boot.actuator.v2+json || application/json]}" onto public java.lang.Object org.springframework.boot.actuate.endpoint.web.servlet.AbstractWebMvcEndpointHandlerMapping$OperationHandler.handle(javax.servlet.http.HttpServletRequest,java.util.Map<java.lang.String, java.lang.String>)
2018-12-20 10:38:37.028 [main] INFO  o.s.b.a.e.web.servlet.WebMvcEndpointHandlerMapping.register - Mapped "{[/monitor/heapdump],methods=[GET],produces=[application/octet-stream]}" onto public java.lang.Object org.springframework.boot.actuate.endpoint.web.servlet.AbstractWebMvcEndpointHandlerMapping$OperationHandler.handle(javax.servlet.http.HttpServletRequest,java.util.Map<java.lang.String, java.lang.String>)
2018-12-20 10:38:37.029 [main] INFO  o.s.b.a.e.web.servlet.WebMvcEndpointHandlerMapping.register - Mapped "{[/monitor/threaddump],methods=[GET],produces=[application/vnd.spring-boot.actuator.v2+json || application/json]}" onto public java.lang.Object org.springframework.boot.actuate.endpoint.web.servlet.AbstractWebMvcEndpointHandlerMapping$OperationHandler.handle(javax.servlet.http.HttpServletRequest,java.util.Map<java.lang.String, java.lang.String>)
2018-12-20 10:38:37.029 [main] INFO  o.s.b.a.e.web.servlet.WebMvcEndpointHandlerMapping.register - Mapped "{[/monitor/metrics],methods=[GET],produces=[application/vnd.spring-boot.actuator.v2+json || application/json]}" onto public java.lang.Object org.springframework.boot.actuate.endpoint.web.servlet.AbstractWebMvcEndpointHandlerMapping$OperationHandler.handle(javax.servlet.http.HttpServletRequest,java.util.Map<java.lang.String, java.lang.String>)
2018-12-20 10:38:37.029 [main] INFO  o.s.b.a.e.web.servlet.WebMvcEndpointHandlerMapping.register - Mapped "{[/monitor/metrics/{requiredMetricName}],methods=[GET],produces=[application/vnd.spring-boot.actuator.v2+json || application/json]}" onto public java.lang.Object org.springframework.boot.actuate.endpoint.web.servlet.AbstractWebMvcEndpointHandlerMapping$OperationHandler.handle(javax.servlet.http.HttpServletRequest,java.util.Map<java.lang.String, java.lang.String>)
2018-12-20 10:38:37.029 [main] INFO  o.s.b.a.e.web.servlet.WebMvcEndpointHandlerMapping.register - Mapped "{[/monitor/scheduledtasks],methods=[GET],produces=[application/vnd.spring-boot.actuator.v2+json || application/json]}" onto public java.lang.Object org.springframework.boot.actuate.endpoint.web.servlet.AbstractWebMvcEndpointHandlerMapping$OperationHandler.handle(javax.servlet.http.HttpServletRequest,java.util.Map<java.lang.String, java.lang.String>)
2018-12-20 10:38:37.029 [main] INFO  o.s.b.a.e.web.servlet.WebMvcEndpointHandlerMapping.register - Mapped "{[/monitor/httptrace],methods=[GET],produces=[application/vnd.spring-boot.actuator.v2+json || application/json]}" onto public java.lang.Object org.springframework.boot.actuate.endpoint.web.servlet.AbstractWebMvcEndpointHandlerMapping$OperationHandler.handle(javax.servlet.http.HttpServletRequest,java.util.Map<java.lang.String, java.lang.String>)
2018-12-20 10:38:37.030 [main] INFO  o.s.b.a.e.web.servlet.WebMvcEndpointHandlerMapping.register - Mapped "{[/monitor/mappings],methods=[GET],produces=[application/vnd.spring-boot.actuator.v2+json || application/json]}" onto public java.lang.Object org.springframework.boot.actuate.endpoint.web.servlet.AbstractWebMvcEndpointHandlerMapping$OperationHandler.handle(javax.servlet.http.HttpServletRequest,java.util.Map<java.lang.String, java.lang.String>)
2018-12-20 10:38:37.030 [main] INFO  o.s.b.a.e.web.servlet.WebMvcEndpointHandlerMapping.register - Mapped "{[/monitor],methods=[GET],produces=[application/vnd.spring-boot.actuator.v2+json || application/json]}" onto protected java.util.Map<java.lang.String, java.util.Map<java.lang.String, org.springframework.boot.actuate.endpoint.web.Link>> org.springframework.boot.actuate.endpoint.web.servlet.WebMvcEndpointHandlerMapping.links(javax.servlet.http.HttpServletRequest,javax.servlet.http.HttpServletResponse)
2018-12-20 10:38:37.054 [main] INFO  o.s.w.s.m.m.a.RequestMappingHandlerMapping.register - Mapped "{[/error]}" onto public java.util.Map<java.lang.String, java.lang.Object> org.springframework.boot.actuate.autoconfigure.web.servlet.ManagementErrorEndpoint.invoke(org.springframework.web.context.request.ServletWebRequest)
2018-12-20 10:38:37.085 [main] INFO  o.s.web.servlet.handler.SimpleUrlHandlerMapping.registerHandler - Mapped URL path [/webjars/**] onto handler of type [class org.springframework.web.servlet.resource.ResourceHttpRequestHandler]
2018-12-20 10:38:37.086 [main] INFO  o.s.web.servlet.handler.SimpleUrlHandlerMapping.registerHandler - Mapped URL path [/**] onto handler of type [class org.springframework.web.servlet.resource.ResourceHttpRequestHandler]
2018-12-20 10:38:37.099 [main] INFO  o.s.w.s.m.m.a.RequestMappingHandlerAdapter.initControllerAdviceCache - Looking for @ControllerAdvice: org.springframework.boot.web.servlet.context.AnnotationConfigServletWebServerApplicationContext@fabb651: startup date [Thu Dec 20 10:38:36 CST 2018]; parent: org.springframework.boot.web.servlet.context.AnnotationConfigServletWebServerApplicationContext@49d904ec
2018-12-20 10:38:37.122 [main] INFO  org.apache.coyote.http11.Http11NioProtocol.log - Starting ProtocolHandler ["http-nio-18000"]
2018-12-20 10:38:37.129 [main] INFO  org.apache.tomcat.util.net.NioSelectorPool.log - Using a shared selector for servlet write/read
2018-12-20 10:38:37.139 [main] INFO  o.s.boot.web.embedded.tomcat.TomcatWebServer.start - Tomcat started on port(s): 18000 (http) with context path ''
2018-12-20 10:38:37.150 [main] INFO  org.apache.coyote.http11.Http11NioProtocol.log - Starting ProtocolHandler ["http-nio-8000"]
2018-12-20 10:38:37.151 [main] INFO  org.apache.tomcat.util.net.NioSelectorPool.log - Using a shared selector for servlet write/read
2018-12-20 10:38:37.153 [main] INFO  o.s.boot.web.embedded.tomcat.TomcatWebServer.start - Tomcat started on port(s): 8000 (http) with context path ''
2018-12-20 10:38:37.155 [main] INFO  c.p.content.services.ContentServicesApplication.logStarted - Started ContentServicesApplication in 2.88 seconds (JVM running for 3.264)
2018-12-20 10:39:00.333 [http-nio-18000-exec-1] INFO  o.a.c.c.ContainerBase.[Tomcat-1].[localhost].[/].log - Initializing Spring FrameworkServlet 'dispatcherServlet'
2018-12-20 10:39:00.334 [http-nio-18000-exec-1] INFO  org.springframework.web.servlet.DispatcherServlet.initServletBean - FrameworkServlet 'dispatcherServlet': initialization started
2018-12-20 10:39:00.346 [http-nio-18000-exec-1] INFO  org.springframework.web.servlet.DispatcherServlet.initServletBean - FrameworkServlet 'dispatcherServlet': initialization completed in 12 ms
2018-12-20 10:39:00.873 [Thread-7] INFO  o.s.b.w.s.c.AnnotationConfigServletWebServerApplicationContext.doClose - Closing org.springframework.boot.web.servlet.context.AnnotationConfigServletWebServerApplicationContext@49d904ec: startup date [Thu Dec 20 10:38:34 CST 2018]; root of context hierarchy
2018-12-20 10:39:00.875 [Thread-7] INFO  o.s.b.w.s.c.AnnotationConfigServletWebServerApplicationContext.doClose - Closing org.springframework.boot.web.servlet.context.AnnotationConfigServletWebServerApplicationContext@fabb651: startup date [Thu Dec 20 10:38:36 CST 2018]; parent: org.springframework.boot.web.servlet.context.AnnotationConfigServletWebServerApplicationContext@49d904ec
2018-12-20 10:39:01.011 [Thread-7] INFO  o.s.jmx.export.annotation.AnnotationMBeanExporter.destroy - Unregistering JMX-exposed beans on shutdown
2018-12-20 10:39:01.013 [Thread-7] INFO  o.s.jmx.export.annotation.AnnotationMBeanExporter.unregisterBeans - Unregistering JMX-exposed beans
2018-12-20 11:42:51.200 [main] INFO  com.practice.content.ContentServicesApplication.logStarting - Starting ContentServicesApplication on PC-20171031XY03 with PID 6728 (D:\work\self\practice\practice-content\practice-content-services\target\classes started by Administrator in D:\work\self\practice\practice-content\practice-content-services)
2018-12-20 11:42:51.203 [main] INFO  com.practice.content.ContentServicesApplication.logStartupProfileInfo - No active profile set, falling back to default profiles: default
2018-12-20 11:42:51.233 [main] INFO  o.s.b.w.s.c.AnnotationConfigServletWebServerApplicationContext.prepareRefresh - Refreshing org.springframework.boot.web.servlet.context.AnnotationConfigServletWebServerApplicationContext@418e7838: startup date [Thu Dec 20 11:42:51 CST 2018]; root of context hierarchy
2018-12-20 11:42:52.180 [main] INFO  o.s.c.s.PostProcessorRegistrationDelegate$BeanPostProcessorChecker.postProcessAfterInitialization - Bean 'org.springframework.transaction.annotation.ProxyTransactionManagementConfiguration' of type [org.springframework.transaction.annotation.ProxyTransactionManagementConfiguration$$EnhancerBySpringCGLIB$$ea07eed1] is not eligible for getting processed by all BeanPostProcessors (for example: not eligible for auto-proxying)
2018-12-20 11:42:52.549 [main] INFO  o.s.boot.web.embedded.tomcat.TomcatWebServer.initialize - Tomcat initialized with port(s): 8000 (http)
2018-12-20 11:42:52.562 [main] INFO  org.apache.coyote.http11.Http11NioProtocol.log - Initializing ProtocolHandler ["http-nio-8000"]
2018-12-20 11:42:52.571 [main] INFO  org.apache.catalina.core.StandardService.log - Starting service [Tomcat]
2018-12-20 11:42:52.571 [main] INFO  org.apache.catalina.core.StandardEngine.log - Starting Servlet Engine: Apache Tomcat/8.5.34
2018-12-20 11:42:52.578 [localhost-startStop-1] INFO  org.apache.catalina.core.AprLifecycleListener.log - The APR based Apache Tomcat Native library which allows optimal performance in production environments was not found on the java.library.path: [C:\Program Files\Java\jre1.8.0_152\bin;C:\Windows\Sun\Java\bin;C:\Windows\system32;C:\Windows;C:/Program Files/Java/jre1.8.0_152/bin/server;C:/Program Files/Java/jre1.8.0_152/bin;C:/Program Files/Java/jre1.8.0_152/lib/amd64;C:\Python27\;C:\Python27\Scripts;C:\ProgramData\Boxstarter;C:\ProgramData\Oracle\Java\javapath;C:\Windows\system32;C:\Windows;C:\Windows\System32\Wbem;C:\Windows\System32\WindowsPowerShell\v1.0\;C:\Program Files\TortoiseSVN\bin;C:\Program Files (x86)\GtkSharp\2.12\bin;C:\Program Files\Git\cmd;C:\Go\bin;C:\Program Files\nodejs\;C:\ProgramData\chocolatey\bin;C:\Users\Administrator\AppData\Roaming\Python\Scripts;C:\Program Files\Java\jdk1.8.0_152\bin;D:\protoc-2.5.0-win32;D:\apache-ant-1.9.6\bin;D:\apache-maven-3.5.4/bin;D:\gradle-2.14/bin;D:\scala-2.12.6/bin;D:\curl-7.61.0-win64-mingw/bin;C:\Users\Administrator\AppData\Roaming\npm;C:\Program Files\JetBrains\IntelliJ IDEA 2018.3\bin;;D:\work\eclipse2;;.]
2018-12-20 11:42:52.645 [localhost-startStop-1] INFO  o.a.c.core.ContainerBase.[Tomcat].[localhost].[/].log - Initializing Spring embedded WebApplicationContext
2018-12-20 11:42:52.645 [localhost-startStop-1] INFO  org.springframework.web.context.ContextLoader.prepareWebApplicationContext - Root WebApplicationContext: initialization completed in 1412 ms
2018-12-20 11:42:52.861 [localhost-startStop-1] INFO  o.s.boot.web.servlet.FilterRegistrationBean.configure - Mapping filter: 'characterEncodingFilter' to: [/*]
2018-12-20 11:42:52.861 [localhost-startStop-1] INFO  o.s.boot.web.servlet.FilterRegistrationBean.configure - Mapping filter: 'webMvcMetricsFilter' to: [/*]
2018-12-20 11:42:52.862 [localhost-startStop-1] INFO  o.s.boot.web.servlet.FilterRegistrationBean.configure - Mapping filter: 'hiddenHttpMethodFilter' to: [/*]
2018-12-20 11:42:52.862 [localhost-startStop-1] INFO  o.s.boot.web.servlet.FilterRegistrationBean.configure - Mapping filter: 'httpPutFormContentFilter' to: [/*]
2018-12-20 11:42:52.862 [localhost-startStop-1] INFO  o.s.boot.web.servlet.FilterRegistrationBean.configure - Mapping filter: 'requestContextFilter' to: [/*]
2018-12-20 11:42:52.862 [localhost-startStop-1] INFO  o.s.boot.web.servlet.FilterRegistrationBean.configure - Mapping filter: 'httpTraceFilter' to: [/*]
2018-12-20 11:42:52.863 [localhost-startStop-1] INFO  o.s.boot.web.servlet.ServletRegistrationBean.addRegistration - Servlet dispatcherServlet mapped to [/practice-content-service/*]
2018-12-20 11:42:53.325 [main] INFO  o.s.web.servlet.handler.SimpleUrlHandlerMapping.registerHandler - Mapped URL path [/**/favicon.ico] onto handler of type [class org.springframework.web.servlet.resource.ResourceHttpRequestHandler]
2018-12-20 11:42:53.521 [main] INFO  o.s.w.s.m.m.a.RequestMappingHandlerAdapter.initControllerAdviceCache - Looking for @ControllerAdvice: org.springframework.boot.web.servlet.context.AnnotationConfigServletWebServerApplicationContext@418e7838: startup date [Thu Dec 20 11:42:51 CST 2018]; root of context hierarchy
2018-12-20 11:42:53.584 [main] INFO  o.s.w.s.m.m.a.RequestMappingHandlerMapping.register - Mapped "{[/list]}" onto public com.practice.result.Result<?> com.practice.content.controller.AnswerResourceTypeController.getAnswerResourceTypeList()
2018-12-20 11:42:53.586 [main] INFO  o.s.w.s.m.m.a.RequestMappingHandlerMapping.register - Mapped "{[/error]}" onto public org.springframework.http.ResponseEntity<java.util.Map<java.lang.String, java.lang.Object>> org.springframework.boot.autoconfigure.web.servlet.error.BasicErrorController.error(javax.servlet.http.HttpServletRequest)
2018-12-20 11:42:53.587 [main] INFO  o.s.w.s.m.m.a.RequestMappingHandlerMapping.register - Mapped "{[/error],produces=[text/html]}" onto public org.springframework.web.servlet.ModelAndView org.springframework.boot.autoconfigure.web.servlet.error.BasicErrorController.errorHtml(javax.servlet.http.HttpServletRequest,javax.servlet.http.HttpServletResponse)
2018-12-20 11:42:53.608 [main] INFO  o.s.web.servlet.handler.SimpleUrlHandlerMapping.registerHandler - Mapped URL path [/webjars/**] onto handler of type [class org.springframework.web.servlet.resource.ResourceHttpRequestHandler]
2018-12-20 11:42:53.608 [main] INFO  o.s.web.servlet.handler.SimpleUrlHandlerMapping.registerHandler - Mapped URL path [/**] onto handler of type [class org.springframework.web.servlet.resource.ResourceHttpRequestHandler]
2018-12-20 11:42:54.105 [main] INFO  o.s.jmx.export.annotation.AnnotationMBeanExporter.afterSingletonsInstantiated - Registering beans for JMX exposure on startup
2018-12-20 11:42:54.106 [main] INFO  o.s.jmx.export.annotation.AnnotationMBeanExporter.autodetect - Bean with name 'dataSource' has been autodetected for JMX exposure
2018-12-20 11:42:54.111 [main] INFO  o.s.jmx.export.annotation.AnnotationMBeanExporter.registerBeanInstance - Located MBean 'dataSource': registering with JMX server as MBean [com.zaxxer.hikari:name=dataSource,type=HikariDataSource]
2018-12-20 11:42:54.115 [main] INFO  o.s.b.w.s.c.AnnotationConfigServletWebServerApplicationContext.prepareRefresh - Refreshing org.springframework.boot.web.servlet.context.AnnotationConfigServletWebServerApplicationContext@22a0d4ea: startup date [Thu Dec 20 11:42:54 CST 2018]; parent: org.springframework.boot.web.servlet.context.AnnotationConfigServletWebServerApplicationContext@418e7838
2018-12-20 11:42:54.150 [main] INFO  o.s.b.factory.support.DefaultListableBeanFactory.registerBeanDefinition - Overriding bean definition for bean 'handlerExceptionResolver' with a different definition: replacing [Root bean: class [null]; scope=; abstract=false; lazyInit=false; autowireMode=3; dependencyCheck=0; autowireCandidate=true; primary=false; factoryBeanName=org.springframework.web.servlet.config.annotation.DelegatingWebMvcConfiguration; factoryMethodName=handlerExceptionResolver; initMethodName=null; destroyMethodName=(inferred); defined in class path resource [org/springframework/web/servlet/config/annotation/DelegatingWebMvcConfiguration.class]] with [Root bean: class [null]; scope=; abstract=false; lazyInit=false; autowireMode=3; dependencyCheck=0; autowireCandidate=true; primary=false; factoryBeanName=org.springframework.boot.actuate.autoconfigure.web.servlet.WebMvcEndpointChildContextConfiguration; factoryMethodName=compositeHandlerExceptionResolver; initMethodName=null; destroyMethodName=(inferred); defined in class path resource [org/springframework/boot/actuate/autoconfigure/web/servlet/WebMvcEndpointChildContextConfiguration.class]]
2018-12-20 11:42:54.183 [main] INFO  o.s.boot.web.embedded.tomcat.TomcatWebServer.initialize - Tomcat initialized with port(s): 18000 (http)
2018-12-20 11:42:54.183 [main] INFO  org.apache.coyote.http11.Http11NioProtocol.log - Initializing ProtocolHandler ["http-nio-18000"]
2018-12-20 11:42:54.184 [main] INFO  org.apache.catalina.core.StandardService.log - Starting service [Tomcat]
2018-12-20 11:42:54.184 [main] INFO  org.apache.catalina.core.StandardEngine.log - Starting Servlet Engine: Apache Tomcat/8.5.34
2018-12-20 11:42:54.199 [localhost-startStop-1] INFO  o.a.c.c.ContainerBase.[Tomcat-1].[localhost].[/].log - Initializing Spring embedded WebApplicationContext
2018-12-20 11:42:54.200 [localhost-startStop-1] INFO  org.springframework.web.context.ContextLoader.prepareWebApplicationContext - Root WebApplicationContext: initialization completed in 85 ms
2018-12-20 11:42:54.217 [localhost-startStop-1] INFO  o.s.boot.web.servlet.ServletRegistrationBean.addRegistration - Servlet dispatcherServlet mapped to [/]
2018-12-20 11:42:54.233 [main] INFO  o.s.b.actuate.endpoint.web.EndpointLinksResolver.<init> - Exposing 15 endpoint(s) beneath base path '/monitor'
2018-12-20 11:42:54.242 [main] INFO  o.s.b.a.e.web.servlet.WebMvcEndpointHandlerMapping.register - Mapped "{[/monitor/auditevents],methods=[GET],produces=[application/vnd.spring-boot.actuator.v2+json || application/json]}" onto public java.lang.Object org.springframework.boot.actuate.endpoint.web.servlet.AbstractWebMvcEndpointHandlerMapping$OperationHandler.handle(javax.servlet.http.HttpServletRequest,java.util.Map<java.lang.String, java.lang.String>)
2018-12-20 11:42:54.242 [main] INFO  o.s.b.a.e.web.servlet.WebMvcEndpointHandlerMapping.register - Mapped "{[/monitor/beans],methods=[GET],produces=[application/vnd.spring-boot.actuator.v2+json || application/json]}" onto public java.lang.Object org.springframework.boot.actuate.endpoint.web.servlet.AbstractWebMvcEndpointHandlerMapping$OperationHandler.handle(javax.servlet.http.HttpServletRequest,java.util.Map<java.lang.String, java.lang.String>)
2018-12-20 11:42:54.243 [main] INFO  o.s.b.a.e.web.servlet.WebMvcEndpointHandlerMapping.register - Mapped "{[/monitor/health],methods=[GET],produces=[application/vnd.spring-boot.actuator.v2+json || application/json]}" onto public java.lang.Object org.springframework.boot.actuate.endpoint.web.servlet.AbstractWebMvcEndpointHandlerMapping$OperationHandler.handle(javax.servlet.http.HttpServletRequest,java.util.Map<java.lang.String, java.lang.String>)
2018-12-20 11:42:54.243 [main] INFO  o.s.b.a.e.web.servlet.WebMvcEndpointHandlerMapping.register - Mapped "{[/monitor/conditions],methods=[GET],produces=[application/vnd.spring-boot.actuator.v2+json || application/json]}" onto public java.lang.Object org.springframework.boot.actuate.endpoint.web.servlet.AbstractWebMvcEndpointHandlerMapping$OperationHandler.handle(javax.servlet.http.HttpServletRequest,java.util.Map<java.lang.String, java.lang.String>)
2018-12-20 11:42:54.243 [main] INFO  o.s.b.a.e.web.servlet.WebMvcEndpointHandlerMapping.register - Mapped "{[/monitor/shutdown],methods=[POST],produces=[application/vnd.spring-boot.actuator.v2+json || application/json]}" onto public java.lang.Object org.springframework.boot.actuate.endpoint.web.servlet.AbstractWebMvcEndpointHandlerMapping$OperationHandler.handle(javax.servlet.http.HttpServletRequest,java.util.Map<java.lang.String, java.lang.String>)
2018-12-20 11:42:54.243 [main] INFO  o.s.b.a.e.web.servlet.WebMvcEndpointHandlerMapping.register - Mapped "{[/monitor/configprops],methods=[GET],produces=[application/vnd.spring-boot.actuator.v2+json || application/json]}" onto public java.lang.Object org.springframework.boot.actuate.endpoint.web.servlet.AbstractWebMvcEndpointHandlerMapping$OperationHandler.handle(javax.servlet.http.HttpServletRequest,java.util.Map<java.lang.String, java.lang.String>)
2018-12-20 11:42:54.244 [main] INFO  o.s.b.a.e.web.servlet.WebMvcEndpointHandlerMapping.register - Mapped "{[/monitor/env],methods=[GET],produces=[application/vnd.spring-boot.actuator.v2+json || application/json]}" onto public java.lang.Object org.springframework.boot.actuate.endpoint.web.servlet.AbstractWebMvcEndpointHandlerMapping$OperationHandler.handle(javax.servlet.http.HttpServletRequest,java.util.Map<java.lang.String, java.lang.String>)
2018-12-20 11:42:54.244 [main] INFO  o.s.b.a.e.web.servlet.WebMvcEndpointHandlerMapping.register - Mapped "{[/monitor/env/{toMatch}],methods=[GET],produces=[application/vnd.spring-boot.actuator.v2+json || application/json]}" onto public java.lang.Object org.springframework.boot.actuate.endpoint.web.servlet.AbstractWebMvcEndpointHandlerMapping$OperationHandler.handle(javax.servlet.http.HttpServletRequest,java.util.Map<java.lang.String, java.lang.String>)
2018-12-20 11:42:54.245 [main] INFO  o.s.b.a.e.web.servlet.WebMvcEndpointHandlerMapping.register - Mapped "{[/monitor/info],methods=[GET],produces=[application/vnd.spring-boot.actuator.v2+json || application/json]}" onto public java.lang.Object org.springframework.boot.actuate.endpoint.web.servlet.AbstractWebMvcEndpointHandlerMapping$OperationHandler.handle(javax.servlet.http.HttpServletRequest,java.util.Map<java.lang.String, java.lang.String>)
2018-12-20 11:42:54.245 [main] INFO  o.s.b.a.e.web.servlet.WebMvcEndpointHandlerMapping.register - Mapped "{[/monitor/loggers],methods=[GET],produces=[application/vnd.spring-boot.actuator.v2+json || application/json]}" onto public java.lang.Object org.springframework.boot.actuate.endpoint.web.servlet.AbstractWebMvcEndpointHandlerMapping$OperationHandler.handle(javax.servlet.http.HttpServletRequest,java.util.Map<java.lang.String, java.lang.String>)
2018-12-20 11:42:54.245 [main] INFO  o.s.b.a.e.web.servlet.WebMvcEndpointHandlerMapping.register - Mapped "{[/monitor/loggers/{name}],methods=[GET],produces=[application/vnd.spring-boot.actuator.v2+json || application/json]}" onto public java.lang.Object org.springframework.boot.actuate.endpoint.web.servlet.AbstractWebMvcEndpointHandlerMapping$OperationHandler.handle(javax.servlet.http.HttpServletRequest,java.util.Map<java.lang.String, java.lang.String>)
2018-12-20 11:42:54.246 [main] INFO  o.s.b.a.e.web.servlet.WebMvcEndpointHandlerMapping.register - Mapped "{[/monitor/loggers/{name}],methods=[POST],consumes=[application/vnd.spring-boot.actuator.v2+json || application/json]}" onto public java.lang.Object org.springframework.boot.actuate.endpoint.web.servlet.AbstractWebMvcEndpointHandlerMapping$OperationHandler.handle(javax.servlet.http.HttpServletRequest,java.util.Map<java.lang.String, java.lang.String>)
2018-12-20 11:42:54.247 [main] INFO  o.s.b.a.e.web.servlet.WebMvcEndpointHandlerMapping.register - Mapped "{[/monitor/heapdump],methods=[GET],produces=[application/octet-stream]}" onto public java.lang.Object org.springframework.boot.actuate.endpoint.web.servlet.AbstractWebMvcEndpointHandlerMapping$OperationHandler.handle(javax.servlet.http.HttpServletRequest,java.util.Map<java.lang.String, java.lang.String>)
2018-12-20 11:42:54.247 [main] INFO  o.s.b.a.e.web.servlet.WebMvcEndpointHandlerMapping.register - Mapped "{[/monitor/threaddump],methods=[GET],produces=[application/vnd.spring-boot.actuator.v2+json || application/json]}" onto public java.lang.Object org.springframework.boot.actuate.endpoint.web.servlet.AbstractWebMvcEndpointHandlerMapping$OperationHandler.handle(javax.servlet.http.HttpServletRequest,java.util.Map<java.lang.String, java.lang.String>)
2018-12-20 11:42:54.247 [main] INFO  o.s.b.a.e.web.servlet.WebMvcEndpointHandlerMapping.register - Mapped "{[/monitor/metrics],methods=[GET],produces=[application/vnd.spring-boot.actuator.v2+json || application/json]}" onto public java.lang.Object org.springframework.boot.actuate.endpoint.web.servlet.AbstractWebMvcEndpointHandlerMapping$OperationHandler.handle(javax.servlet.http.HttpServletRequest,java.util.Map<java.lang.String, java.lang.String>)
2018-12-20 11:42:54.248 [main] INFO  o.s.b.a.e.web.servlet.WebMvcEndpointHandlerMapping.register - Mapped "{[/monitor/metrics/{requiredMetricName}],methods=[GET],produces=[application/vnd.spring-boot.actuator.v2+json || application/json]}" onto public java.lang.Object org.springframework.boot.actuate.endpoint.web.servlet.AbstractWebMvcEndpointHandlerMapping$OperationHandler.handle(javax.servlet.http.HttpServletRequest,java.util.Map<java.lang.String, java.lang.String>)
2018-12-20 11:42:54.248 [main] INFO  o.s.b.a.e.web.servlet.WebMvcEndpointHandlerMapping.register - Mapped "{[/monitor/scheduledtasks],methods=[GET],produces=[application/vnd.spring-boot.actuator.v2+json || application/json]}" onto public java.lang.Object org.springframework.boot.actuate.endpoint.web.servlet.AbstractWebMvcEndpointHandlerMapping$OperationHandler.handle(javax.servlet.http.HttpServletRequest,java.util.Map<java.lang.String, java.lang.String>)
2018-12-20 11:42:54.248 [main] INFO  o.s.b.a.e.web.servlet.WebMvcEndpointHandlerMapping.register - Mapped "{[/monitor/httptrace],methods=[GET],produces=[application/vnd.spring-boot.actuator.v2+json || application/json]}" onto public java.lang.Object org.springframework.boot.actuate.endpoint.web.servlet.AbstractWebMvcEndpointHandlerMapping$OperationHandler.handle(javax.servlet.http.HttpServletRequest,java.util.Map<java.lang.String, java.lang.String>)
2018-12-20 11:42:54.249 [main] INFO  o.s.b.a.e.web.servlet.WebMvcEndpointHandlerMapping.register - Mapped "{[/monitor/mappings],methods=[GET],produces=[application/vnd.spring-boot.actuator.v2+json || application/json]}" onto public java.lang.Object org.springframework.boot.actuate.endpoint.web.servlet.AbstractWebMvcEndpointHandlerMapping$OperationHandler.handle(javax.servlet.http.HttpServletRequest,java.util.Map<java.lang.String, java.lang.String>)
2018-12-20 11:42:54.250 [main] INFO  o.s.b.a.e.web.servlet.WebMvcEndpointHandlerMapping.register - Mapped "{[/monitor],methods=[GET],produces=[application/vnd.spring-boot.actuator.v2+json || application/json]}" onto protected java.util.Map<java.lang.String, java.util.Map<java.lang.String, org.springframework.boot.actuate.endpoint.web.Link>> org.springframework.boot.actuate.endpoint.web.servlet.WebMvcEndpointHandlerMapping.links(javax.servlet.http.HttpServletRequest,javax.servlet.http.HttpServletResponse)
2018-12-20 11:42:54.275 [main] INFO  o.s.w.s.m.m.a.RequestMappingHandlerMapping.register - Mapped "{[/error]}" onto public java.util.Map<java.lang.String, java.lang.Object> org.springframework.boot.actuate.autoconfigure.web.servlet.ManagementErrorEndpoint.invoke(org.springframework.web.context.request.ServletWebRequest)
2018-12-20 11:42:54.281 [main] INFO  o.s.web.servlet.handler.SimpleUrlHandlerMapping.registerHandler - Mapped URL path [/webjars/**] onto handler of type [class org.springframework.web.servlet.resource.ResourceHttpRequestHandler]
2018-12-20 11:42:54.281 [main] INFO  o.s.web.servlet.handler.SimpleUrlHandlerMapping.registerHandler - Mapped URL path [/**] onto handler of type [class org.springframework.web.servlet.resource.ResourceHttpRequestHandler]
2018-12-20 11:42:54.294 [main] INFO  o.s.w.s.m.m.a.RequestMappingHandlerAdapter.initControllerAdviceCache - Looking for @ControllerAdvice: org.springframework.boot.web.servlet.context.AnnotationConfigServletWebServerApplicationContext@22a0d4ea: startup date [Thu Dec 20 11:42:54 CST 2018]; parent: org.springframework.boot.web.servlet.context.AnnotationConfigServletWebServerApplicationContext@418e7838
2018-12-20 11:42:54.318 [main] INFO  org.apache.coyote.http11.Http11NioProtocol.log - Starting ProtocolHandler ["http-nio-18000"]
2018-12-20 11:42:54.326 [main] INFO  org.apache.tomcat.util.net.NioSelectorPool.log - Using a shared selector for servlet write/read
2018-12-20 11:42:54.337 [main] INFO  o.s.boot.web.embedded.tomcat.TomcatWebServer.start - Tomcat started on port(s): 18000 (http) with context path ''
2018-12-20 11:42:54.344 [main] INFO  org.apache.coyote.http11.Http11NioProtocol.log - Starting ProtocolHandler ["http-nio-8000"]
2018-12-20 11:42:54.345 [main] INFO  org.apache.tomcat.util.net.NioSelectorPool.log - Using a shared selector for servlet write/read
2018-12-20 11:42:54.347 [main] INFO  o.s.boot.web.embedded.tomcat.TomcatWebServer.start - Tomcat started on port(s): 8000 (http) with context path ''
2018-12-20 11:42:54.348 [main] INFO  com.practice.content.ContentServicesApplication.logStarted - Started ContentServicesApplication in 3.375 seconds (JVM running for 3.777)
2018-12-20 11:43:27.239 [http-nio-8000-exec-1] INFO  o.a.c.core.ContainerBase.[Tomcat].[localhost].[/].log - Initializing Spring FrameworkServlet 'dispatcherServlet'
2018-12-20 11:43:27.240 [http-nio-8000-exec-1] INFO  org.springframework.web.servlet.DispatcherServlet.initServletBean - FrameworkServlet 'dispatcherServlet': initialization started
2018-12-20 11:43:27.253 [http-nio-8000-exec-1] INFO  org.springframework.web.servlet.DispatcherServlet.initServletBean - FrameworkServlet 'dispatcherServlet': initialization completed in 13 ms
2018-12-20 11:45:34.978 [main] INFO  com.practice.content.ContentServicesApplication.logStarting - Starting ContentServicesApplication on PC-20171031XY03 with PID 2500 (D:\work\self\practice\practice-content\practice-content-services\target\classes started by Administrator in D:\work\self\practice\practice-content\practice-content-services)
2018-12-20 11:45:34.982 [main] INFO  com.practice.content.ContentServicesApplication.logStartupProfileInfo - No active profile set, falling back to default profiles: default
2018-12-20 11:45:35.022 [main] INFO  o.s.b.w.s.c.AnnotationConfigServletWebServerApplicationContext.prepareRefresh - Refreshing org.springframework.boot.web.servlet.context.AnnotationConfigServletWebServerApplicationContext@38604b81: startup date [Thu Dec 20 11:45:35 CST 2018]; root of context hierarchy
2018-12-20 11:45:36.074 [main] INFO  o.s.c.s.PostProcessorRegistrationDelegate$BeanPostProcessorChecker.postProcessAfterInitialization - Bean 'org.springframework.transaction.annotation.ProxyTransactionManagementConfiguration' of type [org.springframework.transaction.annotation.ProxyTransactionManagementConfiguration$$EnhancerBySpringCGLIB$$17fa0267] is not eligible for getting processed by all BeanPostProcessors (for example: not eligible for auto-proxying)
2018-12-20 11:45:36.505 [main] INFO  o.s.boot.web.embedded.tomcat.TomcatWebServer.initialize - Tomcat initialized with port(s): 8000 (http)
2018-12-20 11:45:36.520 [main] INFO  org.apache.coyote.http11.Http11NioProtocol.log - Initializing ProtocolHandler ["http-nio-8000"]
2018-12-20 11:45:36.531 [main] INFO  org.apache.catalina.core.StandardService.log - Starting service [Tomcat]
2018-12-20 11:45:36.531 [main] INFO  org.apache.catalina.core.StandardEngine.log - Starting Servlet Engine: Apache Tomcat/8.5.34
2018-12-20 11:45:36.540 [localhost-startStop-1] INFO  org.apache.catalina.core.AprLifecycleListener.log - The APR based Apache Tomcat Native library which allows optimal performance in production environments was not found on the java.library.path: [C:\Program Files\Java\jre1.8.0_152\bin;C:\Windows\Sun\Java\bin;C:\Windows\system32;C:\Windows;C:/Program Files/Java/jre1.8.0_152/bin/server;C:/Program Files/Java/jre1.8.0_152/bin;C:/Program Files/Java/jre1.8.0_152/lib/amd64;C:\Python27\;C:\Python27\Scripts;C:\ProgramData\Boxstarter;C:\ProgramData\Oracle\Java\javapath;C:\Windows\system32;C:\Windows;C:\Windows\System32\Wbem;C:\Windows\System32\WindowsPowerShell\v1.0\;C:\Program Files\TortoiseSVN\bin;C:\Program Files (x86)\GtkSharp\2.12\bin;C:\Program Files\Git\cmd;C:\Go\bin;C:\Program Files\nodejs\;C:\ProgramData\chocolatey\bin;C:\Users\Administrator\AppData\Roaming\Python\Scripts;C:\Program Files\Java\jdk1.8.0_152\bin;D:\protoc-2.5.0-win32;D:\apache-ant-1.9.6\bin;D:\apache-maven-3.5.4/bin;D:\gradle-2.14/bin;D:\scala-2.12.6/bin;D:\curl-7.61.0-win64-mingw/bin;C:\Users\Administrator\AppData\Roaming\npm;C:\Program Files\JetBrains\IntelliJ IDEA 2018.3\bin;;D:\work\eclipse2;;.]
2018-12-20 11:45:36.616 [localhost-startStop-1] INFO  o.a.c.core.ContainerBase.[Tomcat].[localhost].[/].log - Initializing Spring embedded WebApplicationContext
2018-12-20 11:45:36.616 [localhost-startStop-1] INFO  org.springframework.web.context.ContextLoader.prepareWebApplicationContext - Root WebApplicationContext: initialization completed in 1594 ms
2018-12-20 11:45:36.943 [localhost-startStop-1] INFO  o.s.boot.web.servlet.FilterRegistrationBean.configure - Mapping filter: 'characterEncodingFilter' to: [/*]
2018-12-20 11:45:36.944 [localhost-startStop-1] INFO  o.s.boot.web.servlet.FilterRegistrationBean.configure - Mapping filter: 'webMvcMetricsFilter' to: [/*]
2018-12-20 11:45:36.944 [localhost-startStop-1] INFO  o.s.boot.web.servlet.FilterRegistrationBean.configure - Mapping filter: 'hiddenHttpMethodFilter' to: [/*]
2018-12-20 11:45:36.944 [localhost-startStop-1] INFO  o.s.boot.web.servlet.FilterRegistrationBean.configure - Mapping filter: 'httpPutFormContentFilter' to: [/*]
2018-12-20 11:45:36.944 [localhost-startStop-1] INFO  o.s.boot.web.servlet.FilterRegistrationBean.configure - Mapping filter: 'requestContextFilter' to: [/*]
2018-12-20 11:45:36.945 [localhost-startStop-1] INFO  o.s.boot.web.servlet.FilterRegistrationBean.configure - Mapping filter: 'httpTraceFilter' to: [/*]
2018-12-20 11:45:36.945 [localhost-startStop-1] INFO  o.s.boot.web.servlet.ServletRegistrationBean.addRegistration - Servlet dispatcherServlet mapped to [/practice-content-service/*]
2018-12-20 11:45:37.460 [main] INFO  o.s.web.servlet.handler.SimpleUrlHandlerMapping.registerHandler - Mapped URL path [/**/favicon.ico] onto handler of type [class org.springframework.web.servlet.resource.ResourceHttpRequestHandler]
2018-12-20 11:45:37.677 [main] INFO  o.s.w.s.m.m.a.RequestMappingHandlerAdapter.initControllerAdviceCache - Looking for @ControllerAdvice: org.springframework.boot.web.servlet.context.AnnotationConfigServletWebServerApplicationContext@38604b81: startup date [Thu Dec 20 11:45:35 CST 2018]; root of context hierarchy
2018-12-20 11:45:37.754 [main] INFO  o.s.w.s.m.m.a.RequestMappingHandlerMapping.register - Mapped "{[/answerResourceType/list]}" onto public com.practice.result.Result<?> com.practice.content.controller.AnswerResourceTypeController.getAnswerResourceTypeList()
2018-12-20 11:45:37.756 [main] INFO  o.s.w.s.m.m.a.RequestMappingHandlerMapping.register - Mapped "{[/error]}" onto public org.springframework.http.ResponseEntity<java.util.Map<java.lang.String, java.lang.Object>> org.springframework.boot.autoconfigure.web.servlet.error.BasicErrorController.error(javax.servlet.http.HttpServletRequest)
2018-12-20 11:45:37.757 [main] INFO  o.s.w.s.m.m.a.RequestMappingHandlerMapping.register - Mapped "{[/error],produces=[text/html]}" onto public org.springframework.web.servlet.ModelAndView org.springframework.boot.autoconfigure.web.servlet.error.BasicErrorController.errorHtml(javax.servlet.http.HttpServletRequest,javax.servlet.http.HttpServletResponse)
2018-12-20 11:45:37.790 [main] INFO  o.s.web.servlet.handler.SimpleUrlHandlerMapping.registerHandler - Mapped URL path [/webjars/**] onto handler of type [class org.springframework.web.servlet.resource.ResourceHttpRequestHandler]
2018-12-20 11:45:37.790 [main] INFO  o.s.web.servlet.handler.SimpleUrlHandlerMapping.registerHandler - Mapped URL path [/**] onto handler of type [class org.springframework.web.servlet.resource.ResourceHttpRequestHandler]
2018-12-20 11:45:38.502 [main] INFO  o.s.jmx.export.annotation.AnnotationMBeanExporter.afterSingletonsInstantiated - Registering beans for JMX exposure on startup
2018-12-20 11:45:38.503 [main] INFO  o.s.jmx.export.annotation.AnnotationMBeanExporter.autodetect - Bean with name 'dataSource' has been autodetected for JMX exposure
2018-12-20 11:45:38.508 [main] INFO  o.s.jmx.export.annotation.AnnotationMBeanExporter.registerBeanInstance - Located MBean 'dataSource': registering with JMX server as MBean [com.zaxxer.hikari:name=dataSource,type=HikariDataSource]
2018-12-20 11:45:38.513 [main] INFO  o.s.b.w.s.c.AnnotationConfigServletWebServerApplicationContext.prepareRefresh - Refreshing org.springframework.boot.web.servlet.context.AnnotationConfigServletWebServerApplicationContext@c2df90e: startup date [Thu Dec 20 11:45:38 CST 2018]; parent: org.springframework.boot.web.servlet.context.AnnotationConfigServletWebServerApplicationContext@38604b81
2018-12-20 11:45:38.564 [main] INFO  o.s.b.factory.support.DefaultListableBeanFactory.registerBeanDefinition - Overriding bean definition for bean 'handlerExceptionResolver' with a different definition: replacing [Root bean: class [null]; scope=; abstract=false; lazyInit=false; autowireMode=3; dependencyCheck=0; autowireCandidate=true; primary=false; factoryBeanName=org.springframework.web.servlet.config.annotation.DelegatingWebMvcConfiguration; factoryMethodName=handlerExceptionResolver; initMethodName=null; destroyMethodName=(inferred); defined in class path resource [org/springframework/web/servlet/config/annotation/DelegatingWebMvcConfiguration.class]] with [Root bean: class [null]; scope=; abstract=false; lazyInit=false; autowireMode=3; dependencyCheck=0; autowireCandidate=true; primary=false; factoryBeanName=org.springframework.boot.actuate.autoconfigure.web.servlet.WebMvcEndpointChildContextConfiguration; factoryMethodName=compositeHandlerExceptionResolver; initMethodName=null; destroyMethodName=(inferred); defined in class path resource [org/springframework/boot/actuate/autoconfigure/web/servlet/WebMvcEndpointChildContextConfiguration.class]]
2018-12-20 11:45:38.612 [main] INFO  o.s.boot.web.embedded.tomcat.TomcatWebServer.initialize - Tomcat initialized with port(s): 18000 (http)
2018-12-20 11:45:38.613 [main] INFO  org.apache.coyote.http11.Http11NioProtocol.log - Initializing ProtocolHandler ["http-nio-18000"]
2018-12-20 11:45:38.614 [main] INFO  org.apache.catalina.core.StandardService.log - Starting service [Tomcat]
2018-12-20 11:45:38.614 [main] INFO  org.apache.catalina.core.StandardEngine.log - Starting Servlet Engine: Apache Tomcat/8.5.34
2018-12-20 11:45:38.623 [localhost-startStop-1] INFO  o.a.c.c.ContainerBase.[Tomcat-1].[localhost].[/].log - Initializing Spring embedded WebApplicationContext
2018-12-20 11:45:38.624 [localhost-startStop-1] INFO  org.springframework.web.context.ContextLoader.prepareWebApplicationContext - Root WebApplicationContext: initialization completed in 111 ms
2018-12-20 11:45:38.648 [localhost-startStop-1] INFO  o.s.boot.web.servlet.ServletRegistrationBean.addRegistration - Servlet dispatcherServlet mapped to [/]
2018-12-20 11:45:38.671 [main] INFO  o.s.b.actuate.endpoint.web.EndpointLinksResolver.<init> - Exposing 15 endpoint(s) beneath base path '/monitor'
2018-12-20 11:45:38.685 [main] INFO  o.s.b.a.e.web.servlet.WebMvcEndpointHandlerMapping.register - Mapped "{[/monitor/auditevents],methods=[GET],produces=[application/vnd.spring-boot.actuator.v2+json || application/json]}" onto public java.lang.Object org.springframework.boot.actuate.endpoint.web.servlet.AbstractWebMvcEndpointHandlerMapping$OperationHandler.handle(javax.servlet.http.HttpServletRequest,java.util.Map<java.lang.String, java.lang.String>)
2018-12-20 11:45:38.685 [main] INFO  o.s.b.a.e.web.servlet.WebMvcEndpointHandlerMapping.register - Mapped "{[/monitor/beans],methods=[GET],produces=[application/vnd.spring-boot.actuator.v2+json || application/json]}" onto public java.lang.Object org.springframework.boot.actuate.endpoint.web.servlet.AbstractWebMvcEndpointHandlerMapping$OperationHandler.handle(javax.servlet.http.HttpServletRequest,java.util.Map<java.lang.String, java.lang.String>)
2018-12-20 11:45:38.686 [main] INFO  o.s.b.a.e.web.servlet.WebMvcEndpointHandlerMapping.register - Mapped "{[/monitor/health],methods=[GET],produces=[application/vnd.spring-boot.actuator.v2+json || application/json]}" onto public java.lang.Object org.springframework.boot.actuate.endpoint.web.servlet.AbstractWebMvcEndpointHandlerMapping$OperationHandler.handle(javax.servlet.http.HttpServletRequest,java.util.Map<java.lang.String, java.lang.String>)
2018-12-20 11:45:38.686 [main] INFO  o.s.b.a.e.web.servlet.WebMvcEndpointHandlerMapping.register - Mapped "{[/monitor/conditions],methods=[GET],produces=[application/vnd.spring-boot.actuator.v2+json || application/json]}" onto public java.lang.Object org.springframework.boot.actuate.endpoint.web.servlet.AbstractWebMvcEndpointHandlerMapping$OperationHandler.handle(javax.servlet.http.HttpServletRequest,java.util.Map<java.lang.String, java.lang.String>)
2018-12-20 11:45:38.686 [main] INFO  o.s.b.a.e.web.servlet.WebMvcEndpointHandlerMapping.register - Mapped "{[/monitor/shutdown],methods=[POST],produces=[application/vnd.spring-boot.actuator.v2+json || application/json]}" onto public java.lang.Object org.springframework.boot.actuate.endpoint.web.servlet.AbstractWebMvcEndpointHandlerMapping$OperationHandler.handle(javax.servlet.http.HttpServletRequest,java.util.Map<java.lang.String, java.lang.String>)
2018-12-20 11:45:38.687 [main] INFO  o.s.b.a.e.web.servlet.WebMvcEndpointHandlerMapping.register - Mapped "{[/monitor/configprops],methods=[GET],produces=[application/vnd.spring-boot.actuator.v2+json || application/json]}" onto public java.lang.Object org.springframework.boot.actuate.endpoint.web.servlet.AbstractWebMvcEndpointHandlerMapping$OperationHandler.handle(javax.servlet.http.HttpServletRequest,java.util.Map<java.lang.String, java.lang.String>)
2018-12-20 11:45:38.687 [main] INFO  o.s.b.a.e.web.servlet.WebMvcEndpointHandlerMapping.register - Mapped "{[/monitor/env],methods=[GET],produces=[application/vnd.spring-boot.actuator.v2+json || application/json]}" onto public java.lang.Object org.springframework.boot.actuate.endpoint.web.servlet.AbstractWebMvcEndpointHandlerMapping$OperationHandler.handle(javax.servlet.http.HttpServletRequest,java.util.Map<java.lang.String, java.lang.String>)
2018-12-20 11:45:38.687 [main] INFO  o.s.b.a.e.web.servlet.WebMvcEndpointHandlerMapping.register - Mapped "{[/monitor/env/{toMatch}],methods=[GET],produces=[application/vnd.spring-boot.actuator.v2+json || application/json]}" onto public java.lang.Object org.springframework.boot.actuate.endpoint.web.servlet.AbstractWebMvcEndpointHandlerMapping$OperationHandler.handle(javax.servlet.http.HttpServletRequest,java.util.Map<java.lang.String, java.lang.String>)
2018-12-20 11:45:38.688 [main] INFO  o.s.b.a.e.web.servlet.WebMvcEndpointHandlerMapping.register - Mapped "{[/monitor/info],methods=[GET],produces=[application/vnd.spring-boot.actuator.v2+json || application/json]}" onto public java.lang.Object org.springframework.boot.actuate.endpoint.web.servlet.AbstractWebMvcEndpointHandlerMapping$OperationHandler.handle(javax.servlet.http.HttpServletRequest,java.util.Map<java.lang.String, java.lang.String>)
2018-12-20 11:45:38.688 [main] INFO  o.s.b.a.e.web.servlet.WebMvcEndpointHandlerMapping.register - Mapped "{[/monitor/loggers],methods=[GET],produces=[application/vnd.spring-boot.actuator.v2+json || application/json]}" onto public java.lang.Object org.springframework.boot.actuate.endpoint.web.servlet.AbstractWebMvcEndpointHandlerMapping$OperationHandler.handle(javax.servlet.http.HttpServletRequest,java.util.Map<java.lang.String, java.lang.String>)
2018-12-20 11:45:38.688 [main] INFO  o.s.b.a.e.web.servlet.WebMvcEndpointHandlerMapping.register - Mapped "{[/monitor/loggers/{name}],methods=[GET],produces=[application/vnd.spring-boot.actuator.v2+json || application/json]}" onto public java.lang.Object org.springframework.boot.actuate.endpoint.web.servlet.AbstractWebMvcEndpointHandlerMapping$OperationHandler.handle(javax.servlet.http.HttpServletRequest,java.util.Map<java.lang.String, java.lang.String>)
2018-12-20 11:45:38.689 [main] INFO  o.s.b.a.e.web.servlet.WebMvcEndpointHandlerMapping.register - Mapped "{[/monitor/loggers/{name}],methods=[POST],consumes=[application/vnd.spring-boot.actuator.v2+json || application/json]}" onto public java.lang.Object org.springframework.boot.actuate.endpoint.web.servlet.AbstractWebMvcEndpointHandlerMapping$OperationHandler.handle(javax.servlet.http.HttpServletRequest,java.util.Map<java.lang.String, java.lang.String>)
2018-12-20 11:45:38.690 [main] INFO  o.s.b.a.e.web.servlet.WebMvcEndpointHandlerMapping.register - Mapped "{[/monitor/heapdump],methods=[GET],produces=[application/octet-stream]}" onto public java.lang.Object org.springframework.boot.actuate.endpoint.web.servlet.AbstractWebMvcEndpointHandlerMapping$OperationHandler.handle(javax.servlet.http.HttpServletRequest,java.util.Map<java.lang.String, java.lang.String>)
2018-12-20 11:45:38.690 [main] INFO  o.s.b.a.e.web.servlet.WebMvcEndpointHandlerMapping.register - Mapped "{[/monitor/threaddump],methods=[GET],produces=[application/vnd.spring-boot.actuator.v2+json || application/json]}" onto public java.lang.Object org.springframework.boot.actuate.endpoint.web.servlet.AbstractWebMvcEndpointHandlerMapping$OperationHandler.handle(javax.servlet.http.HttpServletRequest,java.util.Map<java.lang.String, java.lang.String>)
2018-12-20 11:45:38.690 [main] INFO  o.s.b.a.e.web.servlet.WebMvcEndpointHandlerMapping.register - Mapped "{[/monitor/metrics],methods=[GET],produces=[application/vnd.spring-boot.actuator.v2+json || application/json]}" onto public java.lang.Object org.springframework.boot.actuate.endpoint.web.servlet.AbstractWebMvcEndpointHandlerMapping$OperationHandler.handle(javax.servlet.http.HttpServletRequest,java.util.Map<java.lang.String, java.lang.String>)
2018-12-20 11:45:38.690 [main] INFO  o.s.b.a.e.web.servlet.WebMvcEndpointHandlerMapping.register - Mapped "{[/monitor/metrics/{requiredMetricName}],methods=[GET],produces=[application/vnd.spring-boot.actuator.v2+json || application/json]}" onto public java.lang.Object org.springframework.boot.actuate.endpoint.web.servlet.AbstractWebMvcEndpointHandlerMapping$OperationHandler.handle(javax.servlet.http.HttpServletRequest,java.util.Map<java.lang.String, java.lang.String>)
2018-12-20 11:45:38.691 [main] INFO  o.s.b.a.e.web.servlet.WebMvcEndpointHandlerMapping.register - Mapped "{[/monitor/scheduledtasks],methods=[GET],produces=[application/vnd.spring-boot.actuator.v2+json || application/json]}" onto public java.lang.Object org.springframework.boot.actuate.endpoint.web.servlet.AbstractWebMvcEndpointHandlerMapping$OperationHandler.handle(javax.servlet.http.HttpServletRequest,java.util.Map<java.lang.String, java.lang.String>)
2018-12-20 11:45:38.691 [main] INFO  o.s.b.a.e.web.servlet.WebMvcEndpointHandlerMapping.register - Mapped "{[/monitor/httptrace],methods=[GET],produces=[application/vnd.spring-boot.actuator.v2+json || application/json]}" onto public java.lang.Object org.springframework.boot.actuate.endpoint.web.servlet.AbstractWebMvcEndpointHandlerMapping$OperationHandler.handle(javax.servlet.http.HttpServletRequest,java.util.Map<java.lang.String, java.lang.String>)
2018-12-20 11:45:38.691 [main] INFO  o.s.b.a.e.web.servlet.WebMvcEndpointHandlerMapping.register - Mapped "{[/monitor/mappings],methods=[GET],produces=[application/vnd.spring-boot.actuator.v2+json || application/json]}" onto public java.lang.Object org.springframework.boot.actuate.endpoint.web.servlet.AbstractWebMvcEndpointHandlerMapping$OperationHandler.handle(javax.servlet.http.HttpServletRequest,java.util.Map<java.lang.String, java.lang.String>)
2018-12-20 11:45:38.692 [main] INFO  o.s.b.a.e.web.servlet.WebMvcEndpointHandlerMapping.register - Mapped "{[/monitor],methods=[GET],produces=[application/vnd.spring-boot.actuator.v2+json || application/json]}" onto protected java.util.Map<java.lang.String, java.util.Map<java.lang.String, org.springframework.boot.actuate.endpoint.web.Link>> org.springframework.boot.actuate.endpoint.web.servlet.WebMvcEndpointHandlerMapping.links(javax.servlet.http.HttpServletRequest,javax.servlet.http.HttpServletResponse)
2018-12-20 11:45:38.730 [main] INFO  o.s.w.s.m.m.a.RequestMappingHandlerMapping.register - Mapped "{[/error]}" onto public java.util.Map<java.lang.String, java.lang.Object> org.springframework.boot.actuate.autoconfigure.web.servlet.ManagementErrorEndpoint.invoke(org.springframework.web.context.request.ServletWebRequest)
2018-12-20 11:45:38.736 [main] INFO  o.s.web.servlet.handler.SimpleUrlHandlerMapping.registerHandler - Mapped URL path [/webjars/**] onto handler of type [class org.springframework.web.servlet.resource.ResourceHttpRequestHandler]
2018-12-20 11:45:38.736 [main] INFO  o.s.web.servlet.handler.SimpleUrlHandlerMapping.registerHandler - Mapped URL path [/**] onto handler of type [class org.springframework.web.servlet.resource.ResourceHttpRequestHandler]
2018-12-20 11:45:38.754 [main] INFO  o.s.w.s.m.m.a.RequestMappingHandlerAdapter.initControllerAdviceCache - Looking for @ControllerAdvice: org.springframework.boot.web.servlet.context.AnnotationConfigServletWebServerApplicationContext@c2df90e: startup date [Thu Dec 20 11:45:38 CST 2018]; parent: org.springframework.boot.web.servlet.context.AnnotationConfigServletWebServerApplicationContext@38604b81
2018-12-20 11:45:38.777 [main] INFO  org.apache.coyote.http11.Http11NioProtocol.log - Starting ProtocolHandler ["http-nio-18000"]
2018-12-20 11:45:38.786 [main] INFO  org.apache.tomcat.util.net.NioSelectorPool.log - Using a shared selector for servlet write/read
2018-12-20 11:45:38.804 [main] INFO  o.s.boot.web.embedded.tomcat.TomcatWebServer.start - Tomcat started on port(s): 18000 (http) with context path ''
2018-12-20 11:45:38.812 [main] INFO  org.apache.coyote.http11.Http11NioProtocol.log - Starting ProtocolHandler ["http-nio-8000"]
2018-12-20 11:45:38.813 [main] INFO  org.apache.tomcat.util.net.NioSelectorPool.log - Using a shared selector for servlet write/read
2018-12-20 11:45:38.816 [main] INFO  o.s.boot.web.embedded.tomcat.TomcatWebServer.start - Tomcat started on port(s): 8000 (http) with context path ''
2018-12-20 11:45:38.818 [main] INFO  com.practice.content.ContentServicesApplication.logStarted - Started ContentServicesApplication in 4.096 seconds (JVM running for 4.622)
2018-12-20 11:45:40.024 [http-nio-8000-exec-2] INFO  o.a.c.core.ContainerBase.[Tomcat].[localhost].[/].log - Initializing Spring FrameworkServlet 'dispatcherServlet'
2018-12-20 11:45:40.024 [http-nio-8000-exec-2] INFO  org.springframework.web.servlet.DispatcherServlet.initServletBean - FrameworkServlet 'dispatcherServlet': initialization started
2018-12-20 11:45:40.044 [http-nio-8000-exec-2] INFO  org.springframework.web.servlet.DispatcherServlet.initServletBean - FrameworkServlet 'dispatcherServlet': initialization completed in 20 ms
2018-12-20 11:45:40.121 [http-nio-8000-exec-2] INFO  com.zaxxer.hikari.HikariDataSource.getConnection - HikariPool-1 - Starting...
2018-12-20 11:45:40.316 [http-nio-8000-exec-2] INFO  com.zaxxer.hikari.HikariDataSource.getConnection - HikariPool-1 - Start completed.
